# (ppwi=1,wgsize=4,valid=1)
# (ppwi=1,wgsize=8,valid=1)
# (ppwi=1,wgsize=16,valid=1)
# (ppwi=1,wgsize=32,valid=1)
# (ppwi=1,wgsize=64,valid=1)
# (ppwi=1,wgsize=128,valid=1)
ppwi,wgsize,sum_ms,avg_ms,min_ms,max_ms,stddev_ms,interactions/s,gflops/s,gfinst/s
1,4,2047354.412,682451.471,682379.311,682495.030,51.389,10284242847.687,411.447,257.106
1,8,1030672.417,343557.472,343491.320,343678.796,85.906,20428886645.046,817.308,510.722
1,16,525382.837,175127.612,175070.160,175174.749,43.317,40076470851.397,1603.359,1001.912
1,32,268971.418,89657.139,89566.109,89820.923,116.053,78281514456.923,3131.847,1957.038
1,64,140567.832,46855.944,46794.469,46959.355,73.556,149788821938.236,5992.675,3744.721
1,128,140968.942,46989.647,46895.241,47053.934,68.197,149362616539.437,5975.623,3734.065
# best: { min_ms: 46794.469, max_ms: 46959.355, sum_ms: 140567.832, avg_ms: 46855.944, ppwi: 1, wgsize: 64 }
========================================
best gflops/s = 5992.675
========================================

# (ppwi=2,wgsize=4,valid=1)
# (ppwi=2,wgsize=8,valid=1)
# (ppwi=2,wgsize=16,valid=1)
# (ppwi=2,wgsize=32,valid=1)
# (ppwi=2,wgsize=64,valid=1)
# (ppwi=2,wgsize=128,valid=1)
ppwi,wgsize,sum_ms,avg_ms,min_ms,max_ms,stddev_ms,interactions/s,gflops/s,gfinst/s
2,4,1782166.675,594055.558,594029.948,594090.847,25.786,11814545888.304,413.593,295.364
2,8,896167.844,298722.615,298640.317,298880.739,111.842,23495029542.785,822.493,587.376
2,16,457439.377,152479.792,152315.112,152744.904,189.289,46029028149.255,1611.343,1150.726
2,32,236163.918,78721.306,78213.091,79332.572,462.799,89156252718.057,3121.103,2228.906
2,64,124941.767,41647.256,41632.137,41662.582,12.430,168522427786.379,5899.484,4213.061
2,128,126843.742,42281.247,41899.912,42874.716,425.293,165995496229.210,5811.023,4149.887
# best: { min_ms: 41632.137, max_ms: 41662.582, sum_ms: 124941.767, avg_ms: 41647.256, ppwi: 2, wgsize: 64 }
========================================
best gflops/s = 5899.484
========================================
# (ppwi=4,wgsize=4,valid=1)
# (ppwi=4,wgsize=8,valid=1)
# (ppwi=4,wgsize=16,valid=1)
# (ppwi=4,wgsize=32,valid=1)
# (ppwi=4,wgsize=64,valid=1)
# (ppwi=4,wgsize=128,valid=1)
ppwi,wgsize,sum_ms,avg_ms,min_ms,max_ms,stddev_ms,interactions/s,gflops/s,gfinst/s
4,4,1544718.916,514906.305,513875.417,516863.544,1384.634,13630628688.690,443.090,340.766
4,8,777662.067,259220.689,259137.802,259279.574,60.315,27075372271.859,880.137,676.884
4,16,398657.133,132885.711,132632.199,133169.751,220.514,52816037240.760,1716.887,1320.401
4,32,208351.797,69450.599,69340.636,69669.761,154.971,101057395413.052,3285.065,2526.435
4,64,113760.561,37920.187,37906.462,37935.424,11.872,185086023664.937,6016.578,4627.151
4,128,114338.288,38112.763,37899.955,38517.400,286.250,184150824084.708,5986.178,4603.771
# best: { min_ms: 37906.462, max_ms: 37935.424, sum_ms: 113760.561, avg_ms: 37920.187, ppwi: 4, wgsize: 64 }
========================================
best gflops/s = 6016.578
========================================
# (ppwi=8,wgsize=4,valid=1)
# (ppwi=8,wgsize=8,valid=1)
# (ppwi=8,wgsize=16,valid=1)
# (ppwi=8,wgsize=32,valid=1)
# (ppwi=8,wgsize=64,valid=1)
# (ppwi=8,wgsize=128,valid=1)
ppwi,wgsize,sum_ms,avg_ms,min_ms,max_ms,stddev_ms,interactions/s,gflops/s,gfinst/s
8,4,1439382.985,479794.328,479444.030,480327.793,383.338,14628135936.757,457.229,365.703
8,8,730903.692,243634.564,243480.547,243913.531,197.616,28807475173.250,900.430,720.187
8,16,379717.237,126572.412,126569.048,126576.413,3.040,55450445516.877,1733.205,1386.261
8,32,205669.113,68556.371,68551.221,68561.887,4.362,102375557051.375,3199.936,2559.389
8,64,116798.873,38932.958,38387.996,39252.228,387.235,180271345075.729,5634.712,4506.784
8,128,119950.985,39983.662,38186.410,42152.965,1640.570,175534115462.770,5486.641,4388.353
# best: { min_ms: 38387.996, max_ms: 39252.228, sum_ms: 116798.873, avg_ms: 38932.958, ppwi: 8, wgsize: 64 }
========================================
best gflops/s = 5634.712
========================================
# (ppwi=16,wgsize=4,valid=1)
# (ppwi=16,wgsize=8,valid=1)
# (ppwi=16,wgsize=16,valid=1)
# (ppwi=16,wgsize=32,valid=1)
# (ppwi=16,wgsize=64,valid=1)
# (ppwi=16,wgsize=128,valid=1)
ppwi,wgsize,sum_ms,avg_ms,min_ms,max_ms,stddev_ms,interactions/s,gflops/s,gfinst/s
16,4,1386275.647,462091.882,461204.849,462741.255,649.358,15188530513.474,465.252,379.713
16,8,712027.957,237342.652,236847.707,237715.550,364.655,29571156243.599,905.817,739.279
16,16,380795.672,126931.891,126880.215,126963.003,36.793,55293406691.129,1693.736,1382.335
16,32,214626.196,71542.065,69239.554,73787.493,1857.127,98103075535.605,3005.073,2452.577
16,64,121706.541,40568.847,40555.666,40583.440,11.383,173002122834.736,5299.364,4325.053
16,128,124258.873,41419.624,40497.962,43261.197,1302.189,169448582786.216,5190.513,4236.215
# best: { min_ms: 40555.666, max_ms: 40583.440, sum_ms: 121706.541, avg_ms: 40568.847, ppwi: 16, wgsize: 64 }
========================================
best gflops/s = 5299.364
========================================
# (ppwi=16,wgsize=4,valid=1)
# (ppwi=16,wgsize=8,valid=1)
# (ppwi=16,wgsize=16,valid=1)
# (ppwi=16,wgsize=32,valid=1)
# (ppwi=16,wgsize=64,valid=1)
# (ppwi=16,wgsize=128,valid=1)
ppwi,wgsize,sum_ms,avg_ms,min_ms,max_ms,stddev_ms,interactions/s,gflops/s,gfinst/s
16,4,1392290.315,464096.772,463194.500,464632.778,641.754,15122916350.862,463.242,378.073
16,8,716325.997,238775.332,237724.407,239856.076,870.506,29393725828.661,900.382,734.843
16,16,380777.098,126925.699,126900.658,126942.958,18.125,55296103867.517,1693.818,1382.403
16,32,205441.802,68480.601,65525.174,70773.443,2193.224,102488830209.481,3139.416,2562.221
16,64,121868.057,40622.686,40610.300,40635.538,10.309,172772837185.929,5292.341,4319.321
16,128,129865.761,43288.587,40552.982,48726.423,3845.155,162132726612.783,4966.415,4053.318
# best: { min_ms: 40610.300, max_ms: 40635.538, sum_ms: 121868.057, avg_ms: 40622.686, ppwi: 16, wgsize: 64 }
========================================
best gflops/s = 5292.341
========================================


# (ppwi=1,wgsize=256,valid=1)
# (ppwi=1,wgsize=512,valid=1)
# (ppwi=1,wgsize=1024,valid=1)
# (ppwi=2,wgsize=256,valid=1)
# (ppwi=2,wgsize=512,valid=1)
# (ppwi=2,wgsize=1024,valid=1)
# (ppwi=4,wgsize=256,valid=1)
# (ppwi=4,wgsize=512,valid=1)
# (ppwi=4,wgsize=1024,valid=1)
# (ppwi=8,wgsize=256,valid=1)
# (ppwi=8,wgsize=512,valid=1)
# (ppwi=8,wgsize=1024,valid=1)
# (ppwi=16,wgsize=256,valid=1)
# (ppwi=16,wgsize=512,valid=1)
# (ppwi=16,wgsize=1024,valid=1)
# (ppwi=32,wgsize=256,valid=1)
# (ppwi=32,wgsize=512,valid=1)
# (ppwi=32,wgsize=1024,valid=1)
# (ppwi=64,wgsize=256,valid=1)
# (ppwi=64,wgsize=512,valid=1)
# (ppwi=64,wgsize=1024,valid=1)
ppwi,wgsize,sum_ms,avg_ms,min_ms,max_ms,stddev_ms,interactions/s,gflops/s,gfinst/s
1,256,139433.099,46477.700,46468.785,46484.522,6.592,151007831766.082,6041.444,3775.196
1,512,142684.287,47561.429,47555.448,47567.874,5.083,147566984608.757,5903.785,3689.175
1,1024,149609.949,49869.983,49862.603,49874.673,5.282,140735894097.224,5630.490,3518.397
2,256,124788.939,41596.313,41590.588,41603.410,5.324,168728815705.839,5906.709,4218.220
2,512,130473.358,43491.119,43485.757,43495.987,4.191,161377696267.487,5649.368,4034.442
2,1024,130505.433,43501.811,43487.443,43511.254,10.326,161338033571.259,5647.979,4033.451
4,256,113798.460,37932.820,37928.950,37937.153,3.365,185024384497.443,6014.574,4625.610
4,512,113885.092,37961.697,37949.619,37973.724,9.841,184883635918.216,6009.999,4622.091
4,1024,139730.952,46576.984,46573.253,46582.954,4.265,150685940864.397,4898.337,3767.149
8,256,108723.674,36241.225,36236.966,36247.567,4.572,193660581211.584,6053.217,4841.515
8,512,127394.064,42464.688,42460.252,42468.365,3.355,165278422883.250,5166.080,4131.961
8,1024,169269.014,56423.005,56414.647,56430.662,6.557,124390692944.139,3888.059,3109.767
16,256,121535.109,40511.703,40494.560,40521.399,12.156,173246152664.019,5306.839,4331.154
16,512,156948.147,52316.049,52310.831,52321.178,4.225,134155708928.716,4109.429,3353.893
16,1024,157252.161,52417.387,52408.656,52428.688,8.378,133896347449.446,4101.484,3347.409
32,256,351890.543,117296.848,117055.531,117521.724,190.677,59835339093.909,1814.163,1495.883
32,512,357015.927,119005.309,118334.321,119598.260,518.943,58976332292.578,1788.119,1474.408
32,1024,410050.195,136683.398,136560.161,136846.226,120.094,51348567130.788,1556.851,1283.714
64,256,521935.022,173978.341,173936.352,174048.334,49.821,40341209272.554,1216.812,1008.530
64,512,553702.124,184567.375,184378.861,184743.637,149.171,38026745902.901,1147.001,950.669
64,1024,747076.440,249025.480,248902.282,249104.755,88.302,28183849527.016,850.110,704.596
# best: { min_ms: 36236.966, max_ms: 36247.567, sum_ms: 108723.674, avg_ms: 36241.225, ppwi: 8, wgsize: 256 }
========================================
best gflops/s = 6053.217
========================================
