-- The CXX compiler identification is IntelLLVM 2024.1.0
-- Detecting CXX compiler ABI info
-- Detecting CXX compiler ABI info - done
-- Check for working CXX compiler: /usr/local/dawn/software/spack/spack-views/dawn-2024-04-15/intel-oneapi-compilers-2024.1.0/gcc-13.2.0/wadpqv2pkfepzdf7m6gsclizcp5bffsw/compiler/2024.1/bin/icpx - skipped
-- Detecting CXX compile features
-- Detecting CXX compile features - done
-- CXX_EXTRA_FLAGS: 
        Appends to common compile flags. These will be appended at link phase as well.
        To use separate flags at link phase, set `CXX_EXTRA_LINK_FLAGS`
-- CXX_EXTRA_LINK_FLAGS: 
        Appends to link flags which appear *before* the objects.
        Do not use this for linking libraries, as the link line is order-dependent
-- CXX_EXTRA_LIBRARIES: 
        Append to link flags which appear *after* the objects.
        Use this for linking extra libraries (e.g `-lmylib`, or simply `mylib`)
-- CXX_EXTRA_LINKER_FLAGS: 
        Append to linker flags (i.e GCC's `-Wl` or equivalent)
-- Available models:  omp;ocl;std-indices;std-ranges;hip;cuda;kokkos;sycl;acc;raja;tbb;thrust
-- Selected model  :  sycl
-- Supported flags:

   CMAKE_CXX_COMPILER (optional, default=c++): Any CXX compiler that is supported by CMake detection, this is used for host compilation when required by the SYCL compiler
   SYCL_COMPILER (required): Compile using the specified SYCL compiler implementation
        Supported values are
           ONEAPI-ICPX  - icpx as a standalone compiler
           ONEAPI-Clang - oneAPI's Clang driver (enabled via `source /opt/intel/oneapi/setvars.sh  --include-intel-llvm`)
           DPCPP        - dpc++ as a standalone compiler (https://github.com/intel/llvm)
           HIPSYCL      - hipSYCL compiler (https://github.com/illuhad/hipSYCL)
           COMPUTECPP   - ComputeCpp compiler (https://developer.codeplay.com/products/computecpp/ce/home)
   SYCL_COMPILER_DIR (optional, default=): Absolute path to the selected SYCL compiler directory, most are packaged differently so set the path according to `SYCL_COMPILER`:
           ONEAPI-ICPX              - `icpx` must be used for OneAPI 2023 and later on releases (i.e `source /opt/intel/oneapi/setvars.sh` first)
           ONEAPI-Clang             - set to the directory that contains the Intel clang++ binary.
           HIPSYCL|DPCPP|COMPUTECPP - set to the root of the binary distribution that contains at least `bin/`, `include/`, and `lib/`
   OpenCL_LIBRARY (optional, default=): [ComputeCpp only] Path to OpenCL library, usually called libOpenCL.so

-- Model-specific flags for this build:

   CMAKE_CXX_COMPILER = `/usr/local/dawn/software/spack/spack-views/dawn-2024-04-15/intel-oneapi-compilers-2024.1.0/gcc-13.2.0/wadpqv2pkfepzdf7m6gsclizcp5bffsw/compiler/2024.1/bin/icpx`
   SYCL_COMPILER = `ONEAPI-ICPX`
   SYCL_COMPILER_DIR = ``
   OpenCL_LIBRARY = ``

-- Default RELEASE flags are `-O3;-march=native;-fsycl`, set RELEASE_FLAGS to override (CXX_EXTRA_* flags are not affected)
-- PPWI not set, defaulting to 1,2,4,8,16,32,64,128
-- CXX vendor  : IntelLLVM (icpx)
-- Platform    : x86_64
-- PPWI        : 1,2,4,8,16,32,64,128
-- Sources     : src/sycl/fasten.hpp;src/main.cpp
-- Libraries   :  
-- CXX Flags   :  -DNDEBUG -O3;-march=native;-fsycl 
    CXX flags derived from (CMake + (Override ? Override : Default) + Extras), where:
        CMake                    = ` -DNDEBUG`
        Default                  = `-O3;-march=native;-fsycl`
        Override (RELEASE_FLAGS) = ``
        Extras (CXX_EXTRA_FLAGS) = ``
-- Link Flags  : -fsycl 
-- Linker Flags:   
-- Defs        : SYCL
-- Executable  : sycl-bude
-- Configuring done (1.2s)
-- Generating done (0.1s)
-- Build files have been written to: /home/dn-sad1/rds/hpc-work/abc-pvc-deepdive/mini-apps/miniBUDE/minibude/build
/usr/bin/cmake -S/home/dn-sad1/rds/hpc-work/abc-pvc-deepdive/mini-apps/miniBUDE/minibude -B/home/dn-sad1/rds/hpc-work/abc-pvc-deepdive/mini-apps/miniBUDE/minibude/build --check-build-system CMakeFiles/Makefile.cmake 0
/usr/bin/cmake -E cmake_progress_start /home/dn-sad1/rds/hpc-work/abc-pvc-deepdive/mini-apps/miniBUDE/minibude/build/CMakeFiles /home/dn-sad1/rds/hpc-work/abc-pvc-deepdive/mini-apps/miniBUDE/minibude/build//CMakeFiles/progress.marks
/usr/bin/gmake  -f CMakeFiles/Makefile2 all
gmake[1]: Entering directory '/rds/user/dn-sad1/hpc-work/abc-pvc-deepdive/mini-apps/miniBUDE/minibude/build'
/usr/bin/gmake  -f CMakeFiles/extract_compile_commands.dir/build.make CMakeFiles/extract_compile_commands.dir/depend
/usr/bin/gmake  -f CMakeFiles/check_git.dir/build.make CMakeFiles/check_git.dir/depend
gmake[2]: Entering directory '/rds/user/dn-sad1/hpc-work/abc-pvc-deepdive/mini-apps/miniBUDE/minibude/build'
cd /home/dn-sad1/rds/hpc-work/abc-pvc-deepdive/mini-apps/miniBUDE/minibude/build && /usr/bin/cmake -E cmake_depends "Unix Makefiles" /home/dn-sad1/rds/hpc-work/abc-pvc-deepdive/mini-apps/miniBUDE/minibude /home/dn-sad1/rds/hpc-work/abc-pvc-deepdive/mini-apps/miniBUDE/minibude /home/dn-sad1/rds/hpc-work/abc-pvc-deepdive/mini-apps/miniBUDE/minibude/build /home/dn-sad1/rds/hpc-work/abc-pvc-deepdive/mini-apps/miniBUDE/minibude/build /home/dn-sad1/rds/hpc-work/abc-pvc-deepdive/mini-apps/miniBUDE/minibude/build/CMakeFiles/extract_compile_commands.dir/DependInfo.cmake --color=
gmake[2]: Entering directory '/rds/user/dn-sad1/hpc-work/abc-pvc-deepdive/mini-apps/miniBUDE/minibude/build'
cd /home/dn-sad1/rds/hpc-work/abc-pvc-deepdive/mini-apps/miniBUDE/minibude/build && /usr/bin/cmake -E cmake_depends "Unix Makefiles" /home/dn-sad1/rds/hpc-work/abc-pvc-deepdive/mini-apps/miniBUDE/minibude /home/dn-sad1/rds/hpc-work/abc-pvc-deepdive/mini-apps/miniBUDE/minibude /home/dn-sad1/rds/hpc-work/abc-pvc-deepdive/mini-apps/miniBUDE/minibude/build /home/dn-sad1/rds/hpc-work/abc-pvc-deepdive/mini-apps/miniBUDE/minibude/build /home/dn-sad1/rds/hpc-work/abc-pvc-deepdive/mini-apps/miniBUDE/minibude/build/CMakeFiles/check_git.dir/DependInfo.cmake --color=
gmake[2]: Leaving directory '/rds/user/dn-sad1/hpc-work/abc-pvc-deepdive/mini-apps/miniBUDE/minibude/build'
/usr/bin/gmake  -f CMakeFiles/check_git.dir/build.make CMakeFiles/check_git.dir/build
gmake[2]: Leaving directory '/rds/user/dn-sad1/hpc-work/abc-pvc-deepdive/mini-apps/miniBUDE/minibude/build'
/usr/bin/gmake  -f CMakeFiles/extract_compile_commands.dir/build.make CMakeFiles/extract_compile_commands.dir/build
gmake[2]: Entering directory '/rds/user/dn-sad1/hpc-work/abc-pvc-deepdive/mini-apps/miniBUDE/minibude/build'
/usr/bin/cmake -DCOMMAND_FILE=/home/dn-sad1/rds/hpc-work/abc-pvc-deepdive/mini-apps/miniBUDE/minibude/build/compile_commands.json -DPRE_CONFIGURE_FILE="/home/dn-sad1/rds/hpc-work/abc-pvc-deepdive/mini-apps/miniBUDE/minibude/src/meta_build.h.in" -DPOST_CONFIGURE_FILE="/home/dn-sad1/rds/hpc-work/abc-pvc-deepdive/mini-apps/miniBUDE/minibude/build/generated/meta_build.h" -DSRC_DIR_PREFIX="/home/dn-sad1/rds/hpc-work/abc-pvc-deepdive/mini-apps/miniBUDE/minibude/src" -DOUT_DIR_PREFIX="CMakeFiles/bude.dir" -P /home/dn-sad1/rds/hpc-work/abc-pvc-deepdive/mini-apps/miniBUDE/minibude/cmake/extract_compile_command.cmake
gmake[2]: Entering directory '/rds/user/dn-sad1/hpc-work/abc-pvc-deepdive/mini-apps/miniBUDE/minibude/build'
[ 33%] Checking the git repository for changes...
/usr/bin/cmake -D_BUILD_TIME_CHECK_GIT=TRUE -DGIT_WORKING_DIR=/home/dn-sad1/rds/hpc-work/abc-pvc-deepdive/mini-apps/miniBUDE/minibude -DGIT_EXECUTABLE=/usr/bin/git -DGIT_STATE_FILE=/home/dn-sad1/rds/hpc-work/abc-pvc-deepdive/mini-apps/miniBUDE/minibude/build/git-state-hash -DPRE_CONFIGURE_FILE=/home/dn-sad1/rds/hpc-work/abc-pvc-deepdive/mini-apps/miniBUDE/minibude/src/meta_vcs.h.in -DPOST_CONFIGURE_FILE=/home/dn-sad1/rds/hpc-work/abc-pvc-deepdive/mini-apps/miniBUDE/minibude/build/generated/meta_vcs.h -DGIT_FAIL_IF_NONZERO_EXIT=FALSE -DGIT_IGNORE_UNTRACKED=FALSE -P /home/dn-sad1/rds/hpc-work/abc-pvc-deepdive/mini-apps/miniBUDE/minibude/cmake/git_watcher.cmake
-- Transforming /home/dn-sad1/rds/hpc-work/abc-pvc-deepdive/mini-apps/miniBUDE/minibude/build/compile_commands.json...
gmake[2]: Leaving directory '/rds/user/dn-sad1/hpc-work/abc-pvc-deepdive/mini-apps/miniBUDE/minibude/build'
[ 33%] Built target extract_compile_commands
gmake[2]: Leaving directory '/rds/user/dn-sad1/hpc-work/abc-pvc-deepdive/mini-apps/miniBUDE/minibude/build'
[ 33%] Built target check_git
/usr/bin/gmake  -f CMakeFiles/bude.dir/build.make CMakeFiles/bude.dir/depend
gmake[2]: Entering directory '/rds/user/dn-sad1/hpc-work/abc-pvc-deepdive/mini-apps/miniBUDE/minibude/build'
cd /home/dn-sad1/rds/hpc-work/abc-pvc-deepdive/mini-apps/miniBUDE/minibude/build && /usr/bin/cmake -E cmake_depends "Unix Makefiles" /home/dn-sad1/rds/hpc-work/abc-pvc-deepdive/mini-apps/miniBUDE/minibude /home/dn-sad1/rds/hpc-work/abc-pvc-deepdive/mini-apps/miniBUDE/minibude /home/dn-sad1/rds/hpc-work/abc-pvc-deepdive/mini-apps/miniBUDE/minibude/build /home/dn-sad1/rds/hpc-work/abc-pvc-deepdive/mini-apps/miniBUDE/minibude/build /home/dn-sad1/rds/hpc-work/abc-pvc-deepdive/mini-apps/miniBUDE/minibude/build/CMakeFiles/bude.dir/DependInfo.cmake --color=
gmake[2]: Leaving directory '/rds/user/dn-sad1/hpc-work/abc-pvc-deepdive/mini-apps/miniBUDE/minibude/build'
/usr/bin/gmake  -f CMakeFiles/bude.dir/build.make CMakeFiles/bude.dir/build
gmake[2]: Entering directory '/rds/user/dn-sad1/hpc-work/abc-pvc-deepdive/mini-apps/miniBUDE/minibude/build'
[ 66%] Building CXX object CMakeFiles/bude.dir/src/main.cpp.o
icpx -DSYCL -DUSE_PPWI=1,2,4,8,16,32,64,128 -I/home/dn-sad1/rds/hpc-work/abc-pvc-deepdive/mini-apps/miniBUDE/minibude/src/sycl -I/home/dn-sad1/rds/hpc-work/abc-pvc-deepdive/mini-apps/miniBUDE/minibude/build/generated -DNDEBUG -std=c++17 -O3 -march=native -fsycl -MD -MT CMakeFiles/bude.dir/src/main.cpp.o -MF CMakeFiles/bude.dir/src/main.cpp.o.d -o CMakeFiles/bude.dir/src/main.cpp.o -c /home/dn-sad1/rds/hpc-work/abc-pvc-deepdive/mini-apps/miniBUDE/minibude/src/main.cpp
[100%] Linking CXX executable sycl-bude
/usr/bin/cmake -E cmake_link_script CMakeFiles/bude.dir/link.txt --verbose=1
icpx  -DNDEBUG -fsycl CMakeFiles/bude.dir/src/main.cpp.o -o sycl-bude 
gmake[2]: Leaving directory '/rds/user/dn-sad1/hpc-work/abc-pvc-deepdive/mini-apps/miniBUDE/minibude/build'
[100%] Built target bude
gmake[1]: Leaving directory '/rds/user/dn-sad1/hpc-work/abc-pvc-deepdive/mini-apps/miniBUDE/minibude/build'
/usr/bin/cmake -E cmake_progress_start /home/dn-sad1/rds/hpc-work/abc-pvc-deepdive/mini-apps/miniBUDE/minibude/build/CMakeFiles 0
	linux-vdso.so.1 (0x00007ffead129000)
	libstdc++.so.6 => /usr/local/dawn/software/spack/spack-views/dawn-2024-04-15/gcc-runtime-13.2.0/gcc-13.2.0/ayevhr77cuf2t7ueefdspf4embreh46h/lib/libstdc++.so.6 (0x000015036f5e4000)
	libm.so.6 => /lib64/libm.so.6 (0x000015036f262000)
	libgcc_s.so.1 => /usr/local/dawn/software/spack/spack-views/dawn-2024-04-15/gcc-runtime-13.2.0/gcc-13.2.0/ayevhr77cuf2t7ueefdspf4embreh46h/lib/libgcc_s.so.1 (0x000015036fa34000)
	libdl.so.2 => /lib64/libdl.so.2 (0x000015036f05e000)
	libsycl.so.7 => /usr/local/dawn/software/spack/opt-2024-04-15/linux-rocky8-sapphirerapids/gcc-13.2.0/intel-oneapi-compilers-2024.1.0-wadpqv2pkfepzdf7m6gsclizcp5bffsw/compiler/2024.1/lib/libsycl.so.7 (0x000015036ecc9000)
	libc.so.6 => /lib64/libc.so.6 (0x000015036e904000)
	/lib64/ld-linux-x86-64.so.2 (0x000015036f847000)
	libpthread.so.0 => /lib64/libpthread.so.0 (0x000015036e6e4000)
# (ppwi=1,wgsize=4,valid=1)
# (ppwi=1,wgsize=8,valid=1)
# (ppwi=1,wgsize=16,valid=1)
# (ppwi=1,wgsize=32,valid=1)
# (ppwi=1,wgsize=64,valid=1)
# (ppwi=1,wgsize=128,valid=1)
# (ppwi=1,wgsize=256,valid=1)
# (ppwi=1,wgsize=512,valid=1)
# (ppwi=1,wgsize=1024,valid=1)
# (ppwi=2,wgsize=4,valid=1)
# (ppwi=2,wgsize=8,valid=1)
# (ppwi=2,wgsize=16,valid=1)
# (ppwi=2,wgsize=32,valid=1)
# (ppwi=2,wgsize=64,valid=1)
# (ppwi=2,wgsize=128,valid=1)
# (ppwi=2,wgsize=256,valid=1)
# (ppwi=2,wgsize=512,valid=1)
# (ppwi=2,wgsize=1024,valid=1)
# (ppwi=4,wgsize=4,valid=1)
# (ppwi=4,wgsize=8,valid=1)
# (ppwi=4,wgsize=16,valid=1)
# (ppwi=4,wgsize=32,valid=1)
# (ppwi=4,wgsize=64,valid=1)
# (ppwi=4,wgsize=128,valid=1)
# (ppwi=4,wgsize=256,valid=1)
# (ppwi=4,wgsize=512,valid=1)
# (ppwi=4,wgsize=1024,valid=1)
# (ppwi=8,wgsize=4,valid=1)
# (ppwi=8,wgsize=8,valid=1)
# (ppwi=8,wgsize=16,valid=1)
# (ppwi=8,wgsize=32,valid=1)
# (ppwi=8,wgsize=64,valid=1)
# (ppwi=8,wgsize=128,valid=1)
# (ppwi=8,wgsize=256,valid=1)
# (ppwi=8,wgsize=512,valid=1)
# (ppwi=8,wgsize=1024,valid=1)
# (ppwi=16,wgsize=4,valid=1)
# (ppwi=16,wgsize=8,valid=1)
# (ppwi=16,wgsize=16,valid=1)
# (ppwi=16,wgsize=32,valid=1)
# (ppwi=16,wgsize=64,valid=1)
# (ppwi=16,wgsize=128,valid=1)
# (ppwi=16,wgsize=256,valid=1)
# (ppwi=16,wgsize=512,valid=1)
# (ppwi=16,wgsize=1024,valid=1)
# (ppwi=32,wgsize=4,valid=1)
# (ppwi=32,wgsize=8,valid=1)
# (ppwi=32,wgsize=16,valid=1)
# (ppwi=32,wgsize=32,valid=1)
# (ppwi=32,wgsize=64,valid=1)
# (ppwi=32,wgsize=128,valid=1)
# (ppwi=32,wgsize=256,valid=1)
# (ppwi=32,wgsize=512,valid=1)
# (ppwi=32,wgsize=1024,valid=1)
# (ppwi=64,wgsize=4,valid=1)
# (ppwi=64,wgsize=8,valid=1)
# (ppwi=64,wgsize=16,valid=1)
# (ppwi=64,wgsize=32,valid=1)
# (ppwi=64,wgsize=64,valid=1)
# (ppwi=64,wgsize=128,valid=1)
# (ppwi=64,wgsize=256,valid=1)
# (ppwi=64,wgsize=512,valid=1)
# (ppwi=64,wgsize=1024,valid=1)
ppwi,wgsize,sum_ms,avg_ms,min_ms,max_ms,stddev_ms,interactions/s,gflops/s,gfinst/s
1,4,291.958,36.495,36.467,36.537,0.022,43795178091.176,1752.791,1094.879
1,8,146.278,18.285,18.282,18.288,0.002,87411253563.619,3498.414,2185.281
1,16,73.444,9.180,9.141,9.197,0.017,174097202454.235,6967.800,4352.430
1,32,72.595,9.074,8.565,9.256,0.292,176131535422.778,7049.219,4403.288
1,64,80.179,10.022,10.014,10.038,0.009,159472088957.796,6382.467,3986.802
1,128,80.209,10.026,10.017,10.038,0.009,159413215983.552,6380.111,3985.330
1,256,80.236,10.029,10.019,10.041,0.010,159359796543.289,6377.973,3983.995
1,512,78.813,9.852,8.583,10.057,0.480,162235714182.487,6493.074,4055.893
1,1024,80.243,10.030,10.018,10.039,0.009,159344377588.554,6377.356,3983.609
2,4,224.047,28.006,27.997,28.018,0.008,57069808155.857,1998.665,1426.745
2,8,112.528,14.066,14.043,14.101,0.017,113628211660.037,3979.420,2840.705
2,16,103.103,12.888,12.879,12.900,0.009,124014732594.411,4343.170,3100.368
2,32,93.051,11.631,11.623,11.645,0.009,137412391895.096,4812.375,3435.310
2,64,100.187,12.523,12.511,12.532,0.008,127624360405.244,4469.584,3190.609
2,128,108.825,13.603,13.586,13.623,0.011,117493977020.469,4114.804,2937.349
2,256,129.827,16.228,16.220,16.240,0.008,98487422374.928,3449.168,2462.186
2,512,129.879,16.235,16.226,16.248,0.010,98448437952.815,3447.803,2461.211
2,1024,129.853,16.232,16.222,16.246,0.009,98467428101.932,3448.468,2461.686
4,4,359.117,44.890,44.863,44.917,0.018,35604918472.294,1157.903,890.123
4,8,324.695,40.587,40.547,40.662,0.041,39379494703.575,1280.655,984.487
4,16,254.069,31.759,31.677,31.841,0.064,50326264501.178,1636.654,1258.157
4,32,246.959,30.870,30.831,30.894,0.021,51775201138.095,1683.775,1294.380
4,64,247.421,30.928,30.840,30.967,0.040,51678445833.822,1680.628,1291.961
4,128,264.999,33.125,33.101,33.157,0.021,48250419881.027,1569.146,1206.260
4,256,317.650,39.706,39.695,39.728,0.010,40252871253.587,1309.058,1006.322
4,512,385.619,48.202,48.184,48.230,0.015,33157951524.011,1078.325,828.949
4,1024,385.700,48.212,48.196,48.227,0.010,33151004082.831,1078.100,828.775
8,4,611.623,76.453,76.436,76.470,0.013,20905569665.355,653.730,522.639
8,8,470.595,58.824,58.744,58.857,0.035,27170597705.792,849.641,679.265
8,16,429.718,53.715,53.697,53.741,0.015,29755152554.299,930.462,743.879
8,32,425.239,53.155,53.141,53.171,0.009,30068568891.190,940.262,751.714
8,64,425.838,53.230,53.218,53.242,0.010,30026264081.507,938.939,750.657
8,128,456.880,57.110,56.993,57.192,0.057,27986217922.226,875.146,699.655
8,256,493.997,61.750,61.645,61.823,0.051,25883425880.211,809.390,647.086
8,512,494.350,61.794,61.741,61.833,0.028,25864936946.991,808.812,646.623
8,1024,494.580,61.822,61.756,61.891,0.041,25852934829.845,808.437,646.323
16,4,899.795,112.474,112.454,112.482,0.009,14210275079.407,435.481,355.257
16,8,818.953,102.369,102.325,102.443,0.038,15613021249.941,478.468,390.326
16,16,780.175,97.522,97.508,97.537,0.012,16389063558.202,502.251,409.727
16,32,788.806,98.601,98.591,98.613,0.008,16209740717.743,496.755,405.244
16,64,812.493,101.562,101.506,101.603,0.033,15737171724.261,482.273,393.429
16,128,814.516,101.815,101.783,101.839,0.016,15698072194.759,481.075,392.452
16,256,814.933,101.867,101.838,101.931,0.028,15690047334.425,480.829,392.251
16,512,815.025,101.878,101.850,101.938,0.027,15688279398.892,480.775,392.207
16,1024,963.701,120.463,120.440,120.485,0.014,13267954918.263,406.603,331.699
32,4,1268.442,158.555,158.537,158.572,0.013,10080345714.771,305.766,252.009
32,8,1289.100,161.138,161.124,161.152,0.009,9918805587.105,300.866,247.970
32,16,1336.706,167.088,167.079,167.110,0.010,9565553638.042,290.151,239.139
32,32,1492.130,186.516,186.507,186.529,0.009,8569184546.835,259.928,214.230
32,64,1494.278,186.785,186.770,186.800,0.011,8556863597.615,259.555,213.922
32,128,1494.392,186.799,186.782,186.814,0.011,8556211871.985,259.535,213.905
32,256,1494.409,186.801,186.785,186.814,0.011,8556115683.883,259.532,213.903
32,512,1523.757,190.470,190.455,190.484,0.011,8391321426.064,254.533,209.783
32,1024,2046.898,255.862,252.804,257.706,1.750,6246688422.508,189.480,156.167
64,4,3474.627,434.328,434.316,434.335,0.007,3679916495.292,111.047,91.998
64,8,3558.255,444.782,444.753,444.807,0.018,3593428875.965,108.438,89.836
64,16,3725.238,465.655,465.634,465.667,0.010,3432353876.026,103.577,85.809
64,32,4082.758,510.345,510.334,510.355,0.007,3131788438.937,94.507,78.295
64,64,4113.415,514.177,514.151,514.216,0.022,3108448148.111,93.802,77.711
64,128,4113.682,514.210,514.188,514.226,0.016,3108245752.412,93.796,77.706
64,256,4156.022,519.503,519.459,519.543,0.026,3076580328.910,92.841,76.915
64,512,6254.042,781.755,780.746,782.609,0.645,2044491534.588,61.696,51.112
64,1024,10419.159,1302.395,1302.225,1302.528,0.120,1227194582.257,37.033,30.680
# best: { min_ms: 8.565, max_ms: 9.256, sum_ms: 72.595, avg_ms: 9.074, ppwi: 1, wgsize: 32 }
========================================
best gflops/s = 7049.219
========================================
